<?xml version="1.0" encoding="UTF-8"?>
<!-- Generated by org.testng.reporters.JUnitReportReporter -->
<testsuite hostname="TYC0522081" failures="0" tests="1" name="generic.util" time="5.581" errors="0" timestamp="2024-01-24T12:15:13 IST" skipped="0">
  <testcase classname="generic.util" name="launchBrowser" time="5.581"/>
  <system-out/>
</testsuite> <!-- generic.util -->
