<?xml version="1.0" encoding="UTF-8"?>
<!-- Generated by org.testng.reporters.JUnitReportReporter -->
<testsuite hostname="TYC0522081" failures="0" tests="1" name="generic.readFile" time="0.015" errors="0" timestamp="2023-08-30T11:14:12 IST" skipped="0">
  <testcase classname="generic.readFile" name="demo" time="0.015"/>
  <system-out/>
</testsuite> <!-- generic.readFile -->
