<?xml version="1.0" encoding="UTF-8"?>
<!-- Generated by org.testng.reporters.JUnitReportReporter -->
<testsuite hostname="TYC0522081" failures="0" tests="1" name="generic.browserSetUp" time="9.253" errors="0" timestamp="2023-08-30T09:37:06 IST" skipped="0">
  <testcase classname="generic.browserSetUp" name="launchBrowser" time="9.253"/>
  <system-out/>
</testsuite> <!-- generic.browserSetUp -->
