<?xml version="1.0" encoding="UTF-8"?>
<!-- Generated by org.testng.reporters.JUnitReportReporter -->
<testsuite hostname="TYC0522081" failures="0" tests="2" name="testCase.login" time="24.338" errors="0" timestamp="2024-01-24T18:25:41 IST" skipped="0">
  <testcase classname="testCase.login" name="Login" time="14.263"/>
  <system-out/>
  <testcase classname="testCase.login" name="searchProduct" time="10.075"/>
  <system-out/>
</testsuite> <!-- testCase.login -->
