<?xml version="1.0" encoding="UTF-8"?>
<!-- Generated by org.testng.reporters.JUnitReportReporter -->
<testsuite hostname="TYC0522081" failures="0" tests="1" name="generic.utility" time="0.034" errors="0" timestamp="2023-08-30T15:09:06 IST" skipped="0">
  <testcase classname="generic.utility" name="setTimes" time="0.034"/>
  <system-out/>
</testsuite> <!-- generic.utility -->
